gpg-pubkey-350d275d-6279464b 1652115019 0 (none) installed
gpg-pubkey-3228467c-613798eb 1631033579 0 (none) installed
rust-srpm-macros-17-4.el9.noarch 1652267604 2447 f473eb960de326eea8285ce84d1e7972 installed
qt6-srpm-macros-6.5.2-3.el9.noarch 1695397947 456 7c2f4067c6c66360942e5e5074a8eace installed
fpc-srpm-macros-1.3-7.el9.noarch 1676900002 144 bd6bb74a216ab5498ee5ab7981c3f401 installed
ansible-srpm-macros-1-10.el9.noarch 1684169044 36400 5e244f389283f5cd2252ea049d5269e8 installed
ocaml-srpm-macros-6-6.el9.noarch 1652800868 745 73be47bd06ff2934c420576ab4426d56 installed
perl-srpm-macros-1-41.el9.noarch 1652557781 862 52f1bf91c8b58cea8094d6e3be4c7f0e installed
openblas-srpm-macros-2-11.el9.noarch 1652484909 104 d4f8d1073512b1b0c44f95a04285ce97 installed
ghc-srpm-macros-1.5.0-6.el9.noarch 1652267567 535 71fed58726c9a4e11b4ca5eeec6adfe4 installed
setup-2.13.7-9.el9.noarch 1682131311 725907 9c862c5c59f3ee7a366165f2000a6676 installed
filesystem-3.16-2.el9.x86_64 1652704127 106 23b5096f815b73dcdfb4fbececc45994 installed
basesystem-11-13.el9.noarch 1652267550 0 1e84df7870e25521bc4b1abba9c14ec5 installed
coreutils-common-8.32-34.el9.x86_64 1682292345 10880498 947f3444ce5ec77beee4eaf4644e9329 installed
pkgconf-m4-1.7.3-10.el9.noarch 1681536714 14187 12b061c94e3a733e9c1e8921ea590501 installed
tzdata-2023c-1.el9.noarch 1680188751 1712614 afb53e41ded87d71c56bb333bea308d1 installed
bash-5.1.8-6.el9_1.x86_64 1674513826 7738634 7ca89c28bb96473a475eff319ce1bdac installed
xz-libs-5.2.5-8.el9_0.x86_64 1655269093 181573 078cdcb6e241d5bae897e8ffbe5abc12 installed
bzip2-libs-1.0.8-8.el9.x86_64 1652703093 78748 56ccd1295a53fb6b17467ce62e1967c6 installed
libxcrypt-4.4.18-3.el9.x86_64 1653510262 270716 009b94ca2e493d96aa69f2cf33ea75bc installed
libzstd-1.5.1-2.el9.x86_64 1653582655 902059 ca2132c1b2abfc412f104f2e81b8973c installed
libcap-2.48-9.el9_2.x86_64 1695148324 177463 b9b4a15cb629f218f5289b0d23d818f9 installed
lz4-libs-1.9.3-5.el9.x86_64 1652703415 145507 cfdb2734e4e037ef811fa970b2a41ddd installed
popt-1.18-8.el9.x86_64 1652704144 130376 c6ee753abf2608135eef84c6543c4713 installed
libattr-2.5.1-3.el9.x86_64 1653510145 29445 1592052a48688a467ac8c10809b4c1e9 installed
libacl-2.3.1-3.el9.x86_64 1652266119 41194 ed230ce685c08312d434e99874a25be9 installed
libcap-ng-0.8.2-7.el9.x86_64 1652703377 75196 45dc2b2ff774e4f4e94f7c354dd56e74 installed
libcom_err-1.46.5-3.el9.x86_64 1667181053 69041 3bf7c36e1755d084d5ee57d39483bbff installed
readline-8.1-4.el9.x86_64 1652703611 492900 66ec97b30c4ebb8b6e3cd340d919dcd3 installed
mpfr-4.1.0-7.el9.x86_64 1653510195 802587 74619be075ab6bbc6f6f3eb27869ac7e installed
unzip-6.0-56.el9.x86_64 1652703687 401059 e1a16f9b8f7307d3782d38e312e199dc installed
sqlite-libs-3.34.1-6.el9_1.x86_64 1674516594 1310968 f66b699bed450877680b8c5e58a01676 installed
libsigsegv-2.13-4.el9.x86_64 1652567842 50354 06625e6afe8f42ae91ba0e98dfa9e222 installed
gawk-5.1.0-6.el9.x86_64 1652446843 1685670 6a721f681e66961ab13ef1288f028e22 installed
libunistring-0.9.10-15.el9.x86_64 1652703686 1643051 354dedb80398de4afb10e8e3806bc5da installed
libidn2-2.3.0-7.el9.x86_64 1652703429 253476 b212886c674f27c872317e6ee6855977 installed
libsepol-3.5-1.el9.x86_64 1681356489 787907 88ff4c93e723c05637dd1b84b773b204 installed
zip-3.0-35.el9.x86_64 1682535986 741151 12a2063a23942b9626bc54af762d1769 installed
acl-2.3.1-3.el9.x86_64 1652266119 214191 768ca4748060c11185dd588ba4c7e80b installed
zstd-1.5.1-2.el9.x86_64 1653582655 1902812 93bd29879478cc8b29fe7bb3df2ad891 installed
groff-base-1.22.4-10.el9.x86_64 1652712412 4040406 b3cf69de02fcebc8ae460f871b3efde4 installed
dwz-0.14-3.el9.x86_64 1653510016 281782 fec391e14ef27979b4a5fe5393ebeeb1 installed
bzip2-1.0.8-8.el9.x86_64 1652703093 96080 f9622388dbbb4fe985601ec886c8f75f installed
info-6.7-15.el9.x86_64 1652703914 508027 9065cd2c5f7bf7c4203969e66fe0f4fe installed
ed-1.14.2-12.el9.x86_64 1652567904 129931 19769aef4345277f58192dedc6418bfc installed
expat-2.5.0-1.el9.x86_64 1681979642 309077 0b1389d43c63088a42aabde88d85e121 installed
libbrotli-1.0.9-6.el9.x86_64 1652703155 784602 dd9791df1bf67a89043b6bf44bbb00b6 installed
libverto-0.3.2-3.el9.x86_64 1652703457 30381 ab20fd3e76a7e65cda2205582d56669d installed
libdb-5.3.28-53.el9.x86_64 1652703451 1898046 17ac83fdc2ddf31f044c79c5519c00eb installed
cpio-2.13-16.el9.x86_64 1652704061 1088176 92b5a0e69a90cb4cdd561954ef2f92e6 installed
libpkgconf-1.7.3-10.el9.x86_64 1681536714 75425 5d8bf5d30b338e5cddf9ac38db81428b installed
pkgconf-1.7.3-10.el9.x86_64 1681536714 77890 6d4afc2fa1090836b5e24e8ab21be4a6 installed
pkgconf-pkg-config-1.7.3-10.el9.x86_64 1681536714 1203 22a1213f2869406a12ca4174b5dd103e installed
gdbm-libs-1:1.19-4.el9.x86_64 1652195596 116306 6ed9a672d0f5351adb623e32417e420f installed
diffutils-3.7-12.el9.x86_64 1652899808 1467877 3fbd27f737957ccf8bc68713319471db installed
p11-kit-0.24.1-2.el9.x86_64 1653576499 1664534 62e10d92cbb4cece17bdca34e1e472a5 installed
libseccomp-2.5.2-2.el9.x86_64 1653510345 175261 85b2a8fcac27032ba8ddd3e068a3a687 installed
libtasn1-4.16.0-8.el9_1.x86_64 1674521524 183348 7b5cc1f1fccf947259c8ba1417cab526 installed
p11-kit-trust-0.24.1-2.el9.x86_64 1653576499 450935 e19a9e3de3775a96c92dc7918dbbd4a2 installed
libgpg-error-1.42-5.el9.x86_64 1653510224 837056 99c44f4fadc8f9a9103d47e9b21d2620 installed
libgcrypt-1.10.0-10.el9_2.x86_64 1683633842 1382018 a5fccf5816538fa7cf26454c06ba2d6c installed
pcre-8.44-3.el9.3.x86_64 1653563012 539328 f608ec9403e9878f626da9042fc07a6e installed
grep-3.6-5.el9.x86_64 1652712553 857864 98d808fd3d09606215d7de3258c9f1a9 installed
xz-5.2.5-8.el9_0.x86_64 1655269093 685931 32384d0037322e70b1394d34df5d71ab installed
perl-Text-Tabs+Wrap-2013.0523-460.el9.noarch 1652703807 24828 6038ed059fb2e061a8f24754e6d59676 installed
perl-Pod-Escapes-1:1.07-460.el9.noarch 1652704129 25764 bc30ec7f10e23f50a4e6b4a2a232bc7b installed
perl-if-0:0.60.800-480.el9.noarch 1681324517 6874 d480f19230b44c083553c93556bb8ab2 installed
perl-File-Path-2.18-4.el9.noarch 1652267626 65333 0913f114ee7544e2c36b3c1306b3cacd installed
perl-Time-Local-2:1.300-7.el9.noarch 1652267583 67344 1ceb12a5fab9494f14aeeae4f98974f8 installed
perl-Term-ANSIColor-5.01-461.el9.noarch 1652704129 100303 6269583276d0a928ad3fca3fe17a56ea installed
perl-POSIX-0:1.94-480.el9.x86_64 1681324517 240027 ea23135a3406874fae889a719dd7b9d7 installed
perl-Term-Cap-1.17-460.el9.noarch 1652703890 29851 1907857c90d2b95a426abf39cf156412 installed
perl-subs-0:1.03-480.el9.noarch 1681324517 3061 7ff96a890d77d650f491143501bc73d8 installed
perl-Pod-Simple-1:3.42-4.el9.noarch 1652267663 577293 82d3854aa1de3ebb86a9312a6340e90f installed
perl-Class-Struct-0:0.66-480.el9.noarch 1681324517 26953 42e86a1f81fd8eb3ae7de194f9eb1693 installed
perl-File-Temp-1:0.231.100-4.el9.noarch 1652801313 166550 f59e524679a0053d68e5543e8e7e314f installed
perl-IPC-Open3-0:1.21-480.el9.noarch 1681324517 25045 04f7bd9a67bb9fad2cc335a3af6d848a installed
perl-Socket-4:2.031-4.el9.x86_64 1653563160 124985 249702354e9054c64a9e9e44c213ec96 installed
perl-Symbol-0:1.08-480.el9.noarch 1681324517 7847 82dc059d3bc037d22bf5c062da500118 installed
perl-SelectSaver-0:1.02-480.el9.noarch 1681324517 3171 e8be37d350d415c259b78fa2d28f31e8 installed
perl-podlators-1:4.14-460.el9.noarch 1652703807 288742 75c523a2efcbe66c05f7ab55f9c528a8 installed
perl-Pod-Perldoc-3.28.01-461.el9.noarch 1652267564 170960 83cda205537bd2ad32547af109e20f11 installed
perl-File-stat-0:1.09-480.el9.noarch 1681324517 13949 acc240fb36ae95196f1478111a9858fd installed
perl-Text-ParseWords-3.30-460.el9.noarch 1652267600 13101 f0cff9642d107f0207c44c00e68af130 installed
perl-mro-0:1.23-480.el9.x86_64 1681324517 43475 57303e6dc3e4a1b3635e074308b115cf installed
perl-overloading-0:0.02-480.el9.noarch 1681324517 5893 b6141cbb61c05fe16490e3bed1cfb1d3 installed
perl-Pod-Usage-4:2.01-4.el9.noarch 1652267606 87186 98f6af2a3d64753ac904d5d9407e878e installed
perl-IO-0:1.43-480.el9.x86_64 1681324517 163130 e3a1885835b6b39303e79672c7e91c8a installed
perl-Fcntl-0:1.13-480.el9.x86_64 1681324517 30124 9815071cba673b661606e6330c30af4d installed
perl-constant-1.33-461.el9.noarch 1652703807 27104 5ce71c74c1015b01495bb65d073fe87a installed
perl-Scalar-List-Utils-4:1.56-461.el9.x86_64 1652703723 143660 0b0074f36e52345e656a4c7cf4d844e1 installed
perl-Storable-1:3.21-460.el9.x86_64 1652704072 228556 f562f7fa711e68402776f692f3add570 installed
perl-MIME-Base64-3.16-4.el9.x86_64 1652703869 48153 79131d65e200b0c6e64dc18850ff8a06 installed
perl-Errno-0:1.30-480.el9.x86_64 1681324517 9533 0dc0e41969d9ebf2cf154eebd262737c installed
perl-vars-0:1.05-480.el9.noarch 1681324517 4926 19ae1ce28cf4d95ed79ff58951cc5220 installed
perl-overload-0:1.31-480.el9.noarch 1681324517 72822 8c5f94bbf25a16f2543567465b990ec8 installed
perl-Getopt-Std-0:1.12-480.el9.noarch 1681324517 12107 399b7228f82ea150c792970d0e3d5743 installed
perl-File-Basename-0:2.85-480.el9.noarch 1681324517 15339 15ee4a0df67ece5e1edc2b1116d62437 installed
perl-parent-1:0.238-460.el9.noarch 1653563243 9535 cd964be73bdf6940a87b3d0fe0476847 installed
perl-Getopt-Long-1:2.52-4.el9.noarch 1652267711 139937 d27908b132dda891df7dc6951fa2c34b installed
perl-Exporter-5.74-461.el9.noarch 1652267594 55359 c01c2a31a2561b748052cc0463c35215 installed
perl-Carp-1.50-460.el9.noarch 1652703890 47889 681f4c99b5527e73056664a5218266f1 installed
perl-PathTools-3.78-461.el9.x86_64 1652704061 182542 835426614e155f37f1ffa650efe6de40 installed
perl-Encode-4:3.08-462.el9.x86_64 1652703595 10240082 cf3cbbaf60be22194fd1dae2a20da92a installed
perl-libs-4:5.32.1-480.el9.x86_64 1681324517 8953710 0a8d78b762e750b4564a492c299a65c1 installed
perl-interpreter-4:5.32.1-480.el9.x86_64 1681324517 120077 6518b2251316b136e99e73cd32649a1f installed
keyutils-libs-1.6.3-1.el9.x86_64 1681766930 55267 b280a8e5cca83fc5e3df0704a38e180f installed
libeconf-0.4.1-3.el9_2.x86_64 1690924622 45723 e85f6d8877b8fba279b99a0cdb336e66 installed
pcre2-syntax-10.40-2.el9.noarch 1667115951 234324 1573427a88007995fe7918f38a324e48 installed
pcre2-10.40-2.el9.x86_64 1667115951 653850 805e42e70c2e9451b52f6bcb1a05c948 installed
libselinux-3.5-1.el9.x86_64 1681357212 176653 f89e34475276c9381064d8924e33432b installed
sed-4.8-9.el9.x86_64 1652712399 813607 415f8fb73ee020b229344cba9cfc297d installed
coreutils-8.32-34.el9.x86_64 1682292345 5966362 f12140d1053d4d1c85848bda6f0f6537 installed
ca-certificates-2023.2.60_v7.0.306-90.1.el9_2.noarch 1694587905 2354652 e0ef61291e4078224c329f3c7825d8d3 installed
gzip-1.12-1.el9.x86_64 1667088950 377005 c3b6a711959934acd5bde6ee77091d4f installed
cracklib-2.9.6-27.el9.x86_64 1654018888 251890 9e558ac1727da7b9f6ecabf18a83daa1 installed
cracklib-dicts-2.9.6-27.el9.x86_64 1654018888 9815154 12acec65b7f9b7b688070dc47712c208 installed
cyrus-sasl-lib-2.1.27-21.el9.x86_64 1681491786 2380296 f75fe2d474957477a7aa070621dad34e installed
libpwquality-1.4.4-8.el9.x86_64 1653510445 416416 fca0191f7104f50acf34e27c0fb604a8 installed
libarchive-3.5.3-4.el9.x86_64 1682093863 906150 c927e702f1f7169c694bec2912280c3f installed
libevent-2.1.12-6.el9.x86_64 1652801006 932234 e3249eb46abdc2d5d925ecfe88b269ed installed
libutempter-1.2.1-6.el9.x86_64 1652703699 59433 c8a01f5605facb680c8781954f73e338 installed
dbus-broker-28-7.el9.x86_64 1667341762 393994 4fae4c80fdf61bf748ad9d76baa31ea6 installed
tar-2:1.34-6.el9_1.x86_64 1677603436 3155245 d1b6a5af5ea77f2b87f8a7462e54117c installed
patch-2.7.6-16.el9.x86_64 1652704128 265546 bdfc6d2c361a1fc7c381fea53c0a76ac installed
publicsuffix-list-dafsa-20210518-3.el9.noarch 1652444449 68815 d1ed826a6c010597e8edb6dc130b0901 installed
libpsl-0.21.1-5.el9.x86_64 1653510225 78616 cc480e6508a7637917397ee92fede3a0 installed
efi-srpm-macros-6-2.el9_0.noarch 1653178850 41043 54ec93ffc50a97134d68cad135ce9d80 installed
lua-srpm-macros-1-6.el9.noarch 1652484897 1314 870f5bd7a9f316ac2a42d6cda3bc6d41 installed
python-srpm-macros-3.9-52.el9.noarch 1652267549 37100 b7980c4834da4d6c2a75e4e909e1d1ab installed
fonts-srpm-macros-1:2.0.5-7.el9.1.noarch 1652446192 56503 356003bd30cda7187d766cba0c547d8c installed
epel-rpm-macros-9-13.el9.noarch 1696617449 18627 8899e147a65251358eb9c247ac0c4b78 installed
net-tools-2.0-0.62.20160912git.el9.x86_64 1652703956 933876 9e49ff91338e587b235c37026d257918 installed
go-srpm-macros-epel-3.3.0.2-1.el9.noarch 1699072157 63298 2a3a990e6e85590e188952fc753666fd installed
rust-srpm-macros-epel-25.2-2.el9.noarch 1699369897 3132 a6ffbdaa672bb50332555aef3290803d installed
libgcc-11.4.1-2.1.el9.x86_64 1697825697 198756 02d7899e1704cad05520690e370becc8 installed
glibc-minimal-langpack-2.34-83.el9.7.x86_64 1697903433 0 f1f86363f09f581970d055fa143cf7e4 installed
glibc-gconv-extra-2.34-83.el9.7.x86_64 1697903433 8118748 a4b555aba462628fa578012ea40b89b4 installed
glibc-common-2.34-83.el9.7.x86_64 1697903433 1081353 2d09f86e96a3abc97f1346eaec7034a0 installed
glibc-2.34-83.el9.7.x86_64 1697903433 6207891 95c24e384868e44c1d008286a186bef1 installed
zlib-1.2.11-40.el9.x86_64 1698484642 202921 769b855a81f624aff2c4d5d5f7b85874 installed
audit-libs-3.0.7-104.el9.x86_64 1698480128 305609 412903c33bcdc34737b9ea99e58d73bc installed
elfutils-libelf-0.189-3.el9.x86_64 1698118080 1026569 164976b4357f37e3d27b602cadeef40e installed
libuuid-2.37.4-15.el9.x86_64 1699233251 37997 d0e64c883ea97885ca106fba6cb3887b installed
libblkid-2.37.4-15.el9.x86_64 1699233251 229737 f13841639c98711f26a692018d532a03 installed
libstdc++-11.4.1-2.1.el9.x86_64 1697825697 2528627 48deb6c95bb700f633f72180e933ef38 installed
libmount-2.37.4-15.el9.x86_64 1699233251 310093 b7ced0eafacf992875e413404ab542e2 installed
findutils-1:4.8.0-6.el9.x86_64 1699156906 1756590 14daef46de1740116db17175d0e11341 installed
crypto-policies-20230731-1.git94f0e2c.el9_3.1.noarch 1699419998 86024 ff248c90791a5e77b33d0bd0be1166f6 installed
openssl-libs-1:3.0.7-24.el9.x86_64 1698480681 6771148 23fc657b991e8d767a48683fc0c25773 installed
systemd-libs-252-18.el9.x86_64 1698284220 1806432 b935dc640935ea635e7796ecee5c7d26 installed
krb5-libs-1.21.1-1.el9.x86_64 1698696156 2498748 f823dad5315abfb8becd18034c623c3c installed
libfdisk-2.37.4-15.el9.x86_64 1699233251 367771 82f690ce96aa71cb80bb6e628fe7bf68 installed
file-libs-5.39-14.el9.x86_64 1698864693 8086652 23adb86e9c4c91c1280fe01cf0c647a9 installed
file-5.39-14.el9.x86_64 1698864693 102544 3b63af664797a15d05bc1a0e51f440ab installed
perl-B-0:1.80-480.el9.x86_64 1681324517 504447 00f692be38df923fca985931dd3e75a1 installed
perl-Data-Dumper-2.174-462.el9.x86_64 1652703890 111885 3aa2e656fe92cf1ed66d60f77aea3fce installed
lua-libs-5.4.4-4.el9.x86_64 1697607316 287323 32deba31381adab09c4376aa86a7f2f5 installed
libsmartcols-2.37.4-15.el9.x86_64 1699233251 134795 2f6da6606d14f129d8907de7db7c7511 installed
openssl-1:3.0.7-24.el9.x86_64 1698480681 1894987 3c4bb5dce315c991446aa3f0341ced2a installed
pam-1.5.1-15.el9.x86_64 1698485096 1894072 45ec09dfe9bbaa8972e1f61ceaa63d6d installed
kmod-libs-28-9.el9.x86_64 1698657238 133910 29fbb207aa08a0b1a80fff18e4db2d30 installed
openldap-2.6.3-1.el9.x86_64 1698484162 1078466 631b42212342d33ada1c972fde7b7f1c installed
libsemanage-3.5-2.el9.x86_64 1698281201 307094 7e0c1c9dc2cd47e3f9ce535f2d8cf7a6 installed
shadow-utils-2:4.9-8.el9.x86_64 1698695764 3812541 5fad7306bc4237fb5cf2c79e9621bed3 installed
alternatives-1.24-1.el9.x86_64 1698658421 63270 173028ca236820903086a5aa63ff6e39 installed
libnghttp2-1.43.0-5.el9_3.1.x86_64 1699421779 169772 cfa3d0a4b8c1947121d7523a88c2174f installed
libgomp-11.4.1-2.1.el9.x86_64 1697825697 421266 4fc4b1e889a206193b0ad5496fffde11 installed
pyproject-srpm-macros-1.9.0-1.el9.noarch 1697606127 1514 41060afb7eb418674b23ecc004d2a555 installed
qt5-srpm-macros-5.15.9-1.el9.noarch 1698510920 492 f878432102092d87bbdbb2e936f8378b installed
kernel-srpm-macros-1.0-13.el9.noarch 1697600815 16918 89f5468b101517dbed0de0f407d06061 installed
rocky-gpg-keys-9.3-1.1.el9.noarch 1700090551 4909 268d46075f8cef8d07cfd365c256585a installed
rocky-release-9.3-1.1.el9.noarch 1700090551 21579 1b0773de3a751485f12730ac0f1c957a installed
rocky-repos-9.3-1.1.el9.noarch 1700090551 15763 5e95693b8c8cff926e259ed0f1fab0e1 installed
libssh-config-0.10.4-11.el9.noarch 1698789282 277 20177ae98e2d5c91261be790c938ff38 installed
libssh-0.10.4-11.el9.x86_64 1698789282 535739 15571f5ffbb0c40c182594a6ece97e27 installed
libcurl-7.76.1-26.el9_3.2.0.1.x86_64 1699671817 663438 18181aae669ffeb91b6f06d9c4d15318 installed
curl-7.76.1-26.el9_3.2.0.1.x86_64 1699671817 684529 f0b582031d1178b7977e2041ab4c595d installed
rpm-libs-4.16.1.3-25.el9.x86_64 1697608714 764820 79531ce3c34f724c010805a1abedc998 installed
rpm-4.16.1.3-25.el9.x86_64 1697608714 2749482 149ec3569854de4961f1883d973c48c9 installed
go-srpm-macros-3.2.0-2.el9.noarch 1697600826 61176 6f09e295e126cf9a0351c6c26dd428c0 installed
redhat-rpm-config-201-1.el9.noarch 1697603201 191191 170fbf6af4c172dbfb29307a44b7fcd2 installed
systemd-rpm-macros-252-18.el9.noarch 1698284210 9516 c0b937fdc6c5767355cb73420901b91d installed
ncurses-base-6.2-10.20210508.el9.noarch 1699224115 307293 de956b53147623c910c9764db2b0cc63 installed
ncurses-libs-6.2-10.20210508.el9.x86_64 1699224109 994359 3c88f7bf35dd5007bdf5ceccd8e85588 installed
util-linux-core-2.37.4-15.el9.x86_64 1699233251 1262719 7c65d1dab874f9dcf339f33f3fbde021 installed
util-linux-2.37.4-15.el9.x86_64 1699233251 11142887 3d631b00907131707d2030c9b7b76636 installed
dbus-1:1.12.20-8.el9.x86_64 1698743024 0 947c1e48cfc869c3dd317e3713324e4d installed
systemd-pam-252-18.el9.x86_64 1698284220 518331 8f21f904b47b7177112c31859784394a installed
systemd-252-18.el9.x86_64 1698284220 12673836 f59fb70e2f08567a3668c2c6d385aa38 installed
elfutils-default-yama-scope-0.189-3.el9.noarch 1698118086 1810 5c06e4b3809294db74d2060112309115 installed
elfutils-libs-0.189-3.el9.x86_64 1698118080 693469 8f3a7c5b756f1c47528a6790ca5475d3 installed
elfutils-debuginfod-client-0.189-3.el9.x86_64 1698118080 61411 c9af60734fc536ae3bbaf22b63ebe5c1 installed
binutils-gold-2.35.2-42.el9.x86_64 1698105495 2128683 fb49949d63f0d005a150c8a99a5631f1 installed
binutils-2.35.2-42.el9.x86_64 1698105495 25204260 5c498882037b7e22c42b59c93138faa1 installed
elfutils-0.189-3.el9.x86_64 1698118080 2842882 2e0466e322b0473203d984884ea72f69 installed
gdb-minimal-10.2-11.el9.x86_64 1698119146 11534238 0b7fa0dc23c5aa4712344f4233002b21 installed
debugedit-5.0-4.el9.x86_64 1698297207 193726 e758436af073ad497c2d9afb9ab12741 installed
rpm-build-libs-4.16.1.3-25.el9.x86_64 1697608714 198430 5a74e4e1d74094f7fd3e5bbaafc7bc4b installed
perl-AutoLoader-0:5.74-480.el9.noarch 1681324517 22037 71e2f71f8061c18ffee67c2212d6f6ae installed
perl-Net-SSLeay-1.92-2.el9.x86_64 1667269243 1399960 24b753d211704e1e6475a2fd82632c14 installed
perl-FileHandle-0:2.03-480.el9.noarch 1681324517 10530 20ae9fc32832ed8828aa9d95df72cea9 installed
perl-base-0:2.27-480.el9.noarch 1681324517 13819 813a58adbf5af522eb36bc526c2651f2 installed
perl-IO-Socket-IP-0.41-5.el9.noarch 1652267587 100240 e15309272bc8233c371974031d4038f4 installed
perl-Mozilla-CA-20200520-6.el9.noarch 1652703889 5866 379218f96763af378c71e840443183f8 installed
perl-Digest-1.19-4.el9.noarch 1652703818 36844 7acf0ce5dacda32faa23b7d43301750b installed
perl-Digest-MD5-2.58-4.el9.x86_64 1652703781 61530 12bfc64ff312fa435f1de2e068508db2 installed
perl-URI-5.09-3.el9.noarch 1652704129 216915 1d512155a3508e84fba3d011462e50bc installed
perl-libnet-3.13-4.el9.noarch 1652267711 299357 5cad22704f22db0d115e4f8d698810a0 installed
perl-IO-Socket-SSL-2.073-1.el9.noarch 1652703778 616297 147440a41752ddce2814e0638553af37 installed
perl-HTTP-Tiny-0.076-461.el9.noarch 1699070655 150301 e59a477e37efea4c98d876a9132d7365 installed
rpm-build-4.16.1.3-25.el9.x86_64 1697608714 149295 977c5a4ba7792c22830247b5f22de82d installed
dbus-common-1:1.12.20-8.el9.noarch 1698743008 11394 d786da87871c5a3b8c947939d0753e4a installed
ncurses-6.2-10.20210508.el9.x86_64 1699224109 624676 abd134e0b9b678979cc10dc39478841b installed
libxml2-2.9.13-4.el9.x86_64 1698482920 1955252 8cff6a5a8c0f9db063c900a4399e51ae installed
which-2.21-29.el9.x86_64 1698296559 81813 c6d630ed83edc5a755b0ef0a6352185c installed
libffi-3.4.2-8.el9.x86_64 1698571420 65761 67a9fdf44690673ca2034843b2459a18 installed
gmp-1:6.2.0-13.el9.x86_64 1699048080 816844 774609cd79716dc0d9b8d99d2db05d5b installed
rpmautospec-rpm-macros-0.3.8-1.el9.noarch 1699979831 707 5683f224d51c16d5a5b27dc7f68a0d15 installed
